<?xml version="1.0" encoding="UTF-8"?>
<!-- Generated by org.testng.reporters.JUnitXMLReporter -->
<testsuite ignored="0" hostname="DESKTOP-4VT63TV" failures="1" tests="4" name="Test" time="0.18" errors="0" timestamp="2023-04-11T14:33:15 IST">
  <testcase classname="TestNGPrograms.TestNG" name="fun1" time="0.015"/>
  <testcase classname="TestNGPrograms.TestNG" name="fun2" time="0.028">
    <failure type="java.lang.AssertionError" message="expected [true] but found [false]">
      <![CDATA[java.lang.AssertionError: expected [true] but found [false]
at TestNGPrograms.TestNG.fun2(TestNG.java:19)
at java.base/java.util.ArrayList.forEach(ArrayList.java:1511)
... Removed 31 stack frames]]>
    </failure>
  </testcase> <!-- fun2 -->
  <testcase classname="TestNGPrograms.TestNG" name="fun3" time="0.008"/>
  <testcase classname="TestNGPrograms.TestNG" name="fun4" time="0.003">
    <skipped/>
  </testcase> <!-- fun4 -->
</testsuite> <!-- Test -->
